Arguments: 
  C:\Program Files\nodejs\node.exe C:\Users\tatendaZw\AppData\Roaming\npm\node_modules\yarn\bin\yarn.js add express mongoose socket.io cors helmet jsonwebtoken bcryptjs

PATH: 
  C:\Program Files (x86)\Common Files\Oracle\Java\javapath;C:\ProgramData\Anaconda3;C:\ProgramData\Anaconda3\Library\mingw-w64\bin;C:\ProgramData\Anaconda3\Library\usr\bin;C:\ProgramData\Anaconda3\Library\bin;C:\ProgramData\Anaconda3\Scripts;C:\WINDOWS\system32;C:\WINDOWS;C:\WINDOWS\System32\Wbem;C:\WINDOWS\System32\WindowsPowerShell\v1.0\;C:\WINDOWS\System32\OpenSSH\;C:\Program Files\nodejs\;C:\Program Files\PostgreSQL\13\bin;C:\Users\tatendaZw\anaconda3;C:\Users\tatendaZw\AppData\Local\Programs\Python\Python36;C:\Program Files\Java\jdk-14.0.2\bin;C:\Program Files\Android\Android Studio\bin\platform-tools;C:\Program Files\apache-ant-1.10.10\bin;C:\Users\tatendaZw\Documents\software\platform-tools;C:\Program Files\Git\cmd;C:\Users\tatendaZw\AppData\Local\Microsoft\WindowsApps;C:\Users\tatendaZw\AppData\Local\Programs\Microsoft VS Code\bin;C:\Users\tatendaZw\AppData\Roaming\npm;C:\Program Files\heroku\bin;C:\Users\tatendaZw\Documents\software\platform-tools;

Yarn version: 
  1.22.10

Node version: 
  14.15.1

Platform: 
  win32 x64

Trace: 
  Error: getaddrinfo EAI_AGAIN registry.yarnpkg.com
      at GetAddrInfoReqWrap.onlookup [as oncomplete] (dns.js:67:26)

npm manifest: 
  {
    "name": "backend",
    "version": "1.0.0",
    "description": "backend for daypitch app",
    "main": "index.js",
    "scripts": {
      "test": "echo \"Error: no test specified\" && exit 1"
    },
    "author": "Tatenda Vako",
    "license": "MIT"
  }

yarn manifest: 
  No manifest

Lockfile: 
  No lockfile
